Beauty/ATKAndroid/Customer/proguard/seeds.txt
com.glamourpromise.beauty.customer.activity.BranchListActivity
com.glamourpromise.beauty.customer.activity.BranchListActivity: BranchListActivity()
com.glamourpromise.beauty.customer.activity.BranchPromotionActivity
com.glamourpromise.beauty.customer.activity.BranchPromotionActivity: BranchPromotionActivity()
com.glamourpromise.beauty.customer.activity.BranchSelectActivity
com.glamourpromise.beauty.customer.activity.BranchSelectActivity: BranchSelectActivity()
com.glamourpromise.beauty.customer.activity.ChatMessageListActivity
com.glamourpromise.beauty.customer.activity.ChatMessageListActivity: ChatMessageListActivity()
com.glamourpromise.beauty.customer.activity.ChatMessageListActivity: void onClick(android.view.View)
com.glamourpromise.beauty.customer.activity.CommodityCategoryListActivity
com.glamourpromise.beauty.customer.activity.CommodityCategoryListActivity: CommodityCategoryListActivity()
com.glamourpromise.beauty.customer.activity.CommodityCategoryListActivity: void onClick(android.view.View)
com.glamourpromise.beauty.customer.activity.CommodityDetailActivity
com.glamourpromise.beauty.customer.activity.CommodityDetailActivity: CommodityDetailActivity()
com.glamourpromise.beauty.customer.activity.CommodityDetailActivity: void onClick(android.view.View)
com.glamourpromise.beauty.customer.activity.CommodityListActivity
com.glamourpromise.beauty.customer.activity.CommodityListActivity: CommodityListActivity()
com.glamourpromise.beauty.customer.activity.CommodityOrderDetailActivity
com.glamourpromise.beauty.customer.activity.CommodityOrderDetailActivity: CommodityOrderDetailActivity()
com.glamourpromise.beauty.customer.activity.CommodityOrderDetailActivity: void onClick(android.view.View)
com.glamourpromise.beauty.customer.activity.CompanyActivity
com.glamourpromise.beauty.customer.activity.CompanyActivity: CompanyActivity()
com.glamourpromise.beauty.customer.activity.CompanyActivity: void onClick(android.view.View)
com.glamourpromise.beauty.customer.activity.CompanySelectActivity
com.glamourpromise.beauty.customer.activity.CompanySelectActivity: CompanySelectActivity()
com.glamourpromise.beauty.customer.activity.CustomerAppointmentRelatedActivity
com.glamourpromise.beauty.customer.activity.CustomerAppointmentRelatedActivity: CustomerAppointmentRelatedActivity()
com.glamourpromise.beauty.customer.activity.CustomerAppointmentRelatedActivity: void onClick(android.view.View)
com.glamourpromise.beauty.customer.activity.EcardAccountDetailActivity
com.glamourpromise.beauty.customer.activity.EcardAccountDetailActivity: EcardAccountDetailActivity()
com.glamourpromise.beauty.customer.activity.EcardBalanceHistoryActivity
com.glamourpromise.beauty.customer.activity.EcardBalanceHistoryActivity: EcardBalanceHistoryActivity()
com.glamourpromise.beauty.customer.activity.EcardDetailActivity
com.glamourpromise.beauty.customer.activity.EcardDetailActivity: EcardDetailActivity()
com.glamourpromise.beauty.customer.activity.EcardDetailActivity: void onClick(android.view.View)
com.glamourpromise.beauty.customer.activity.EcardHistoryListActivity
com.glamourpromise.beauty.customer.activity.EcardHistoryListActivity: EcardHistoryListActivity()
com.glamourpromise.beauty.customer.activity.EcardHistoryOrderListActivity
com.glamourpromise.beauty.customer.activity.EcardHistoryOrderListActivity: EcardHistoryOrderListActivity()
com.glamourpromise.beauty.customer.activity.EcardHistoryOrderListActivity: void onClick(android.view.View)
com.glamourpromise.beauty.customer.activity.EcardLevelListActivity
com.glamourpromise.beauty.customer.activity.EcardLevelListActivity: EcardLevelListActivity()
com.glamourpromise.beauty.customer.activity.EcardLevelListActivity: void onClick(android.view.View)
com.glamourpromise.beauty.customer.activity.EcardListActivity
com.glamourpromise.beauty.customer.activity.EcardListActivity: EcardListActivity()